# JRE version: Java(TM) SE Runtime Environment (8.0_101-b13) (build 1.8.0_101-b13)
# Java VM: Java HotSpot(TM) 64-Bit Server VM (25.101-b13 mixed mode linux-amd64 compressed oops)
Heap:
 PSYoungGen      total 93184K, used 11728K [0x0000000758100000, 0x0000000763700000, 0x00000007c0000000)
  eden space 79872K, 14% used [0x0000000758100000,0x0000000758c74368,0x000000075cf00000)
  from space 13312K, 0% used [0x000000075cf00000,0x000000075cf00000,0x000000075dc00000)
  to   space 13312K, 0% used [0x0000000762a00000,0x0000000762a00000,0x0000000763700000)
 ParOldGen       total 153600K, used 16301K [0x0000000688200000, 0x0000000691800000, 0x0000000758100000)
  object space 153600K, 10% used [0x0000000688200000,0x00000006891eb4e8,0x0000000691800000)
 Metaspace       used 22298K, capacity 22444K, committed 22656K, reserved 1069056K
  class space    used 3373K, capacity 3450K, committed 3456K, reserved 1048576K
GC Heap History (4 events):
Event: 1.208 GC heap before
{Heap before GC invocations=1 (full 0):
 PSYoungGen      total 93184K, used 76744K [0x0000000758100000, 0x000000075e900000, 0x00000007c0000000)
  eden space 79872K, 96% used [0x0000000758100000,0x000000075cbf2340,0x000000075cf00000)
  from space 13312K, 0% used [0x000000075dc00000,0x000000075dc00000,0x000000075e900000)
  to   space 13312K, 0% used [0x000000075cf00000,0x000000075cf00000,0x000000075dc00000)
 ParOldGen       total 212992K, used 0K [0x0000000688200000, 0x0000000695200000, 0x0000000758100000)
  object space 212992K, 0% used [0x0000000688200000,0x0000000688200000,0x0000000695200000)
 Metaspace       used 20992K, capacity 21100K, committed 21248K, reserved 1067008K
  class space    used 3204K, capacity 3258K, committed 3328K, reserved 1048576K
Event: 1.226 GC heap after
Heap after GC invocations=1 (full 0):
 PSYoungGen      total 93184K, used 13307K [0x0000000758100000, 0x0000000763700000, 0x00000007c0000000)
  eden space 79872K, 0% used [0x0000000758100000,0x0000000758100000,0x000000075cf00000)
  from space 13312K, 99% used [0x000000075cf00000,0x000000075dbfeda8,0x000000075dc00000)
  to   space 13312K, 0% used [0x0000000762a00000,0x0000000762a00000,0x0000000763700000)
 ParOldGen       total 212992K, used 3815K [0x0000000688200000, 0x0000000695200000, 0x0000000758100000)
  object space 212992K, 1% used [0x0000000688200000,0x00000006885b9cf0,0x0000000695200000)
 Metaspace       used 20992K, capacity 21100K, committed 21248K, reserved 1067008K
  class space    used 3204K, capacity 3258K, committed 3328K, reserved 1048576K
}
Event: 1.226 GC heap before
{Heap before GC invocations=2 (full 1):
 PSYoungGen      total 93184K, used 13307K [0x0000000758100000, 0x0000000763700000, 0x00000007c0000000)
  eden space 79872K, 0% used [0x0000000758100000,0x0000000758100000,0x000000075cf00000)
  from space 13312K, 99% used [0x000000075cf00000,0x000000075dbfeda8,0x000000075dc00000)
  to   space 13312K, 0% used [0x0000000762a00000,0x0000000762a00000,0x0000000763700000)
 ParOldGen       total 212992K, used 3815K [0x0000000688200000, 0x0000000695200000, 0x0000000758100000)
  object space 212992K, 1% used [0x0000000688200000,0x00000006885b9cf0,0x0000000695200000)
 Metaspace       used 20992K, capacity 21100K, committed 21248K, reserved 1067008K
  class space    used 3204K, capacity 3258K, committed 3328K, reserved 1048576K
Event: 1.262 GC heap after
Heap after GC invocations=2 (full 1):
 PSYoungGen      total 93184K, used 0K [0x0000000758100000, 0x0000000763700000, 0x00000007c0000000)
  eden space 79872K, 0% used [0x0000000758100000,0x0000000758100000,0x000000075cf00000)
  from space 13312K, 0% used [0x000000075cf00000,0x000000075cf00000,0x000000075dc00000)
  to   space 13312K, 0% used [0x0000000762a00000,0x0000000762a00000,0x0000000763700000)
 ParOldGen       total 153600K, used 16301K [0x0000000688200000, 0x0000000691800000, 0x0000000758100000)
  object space 153600K, 10% used [0x0000000688200000,0x00000006891eb4e8,0x0000000691800000)
 Metaspace       used 20992K, capacity 21100K, committed 21248K, reserved 1067008K
  class space    used 3204K, capacity 3258K, committed 3328K, reserved 1048576K
}

