# JRE version: Java(TM) SE Runtime Environment (8.0_101-b13) (build 1.8.0_101-b13)
# Java VM: Java HotSpot(TM) 64-Bit Server VM (25.101-b13 mixed mode linux-amd64 compressed oops)
Heap:
 PSYoungGen      total 93184K, used 10128K [0x0000000758100000, 0x0000000763700000, 0x00000007c0000000)
  eden space 79872K, 12% used [0x0000000758100000,0x0000000758ae4320,0x000000075cf00000)
  from space 13312K, 0% used [0x000000075cf00000,0x000000075cf00000,0x000000075dc00000)
  to   space 13312K, 0% used [0x0000000762a00000,0x0000000762a00000,0x0000000763700000)
 ParOldGen       total 154624K, used 16291K [0x0000000688200000, 0x0000000691900000, 0x0000000758100000)
  object space 154624K, 10% used [0x0000000688200000,0x00000006891e8ee8,0x0000000691900000)
 Metaspace       used 22312K, capacity 22508K, committed 22656K, reserved 1069056K
  class space    used 3373K, capacity 3450K, committed 3456K, reserved 1048576K
GC Heap History (4 events):
Event: 1.229 GC heap before
{Heap before GC invocations=1 (full 0):
 PSYoungGen      total 93184K, used 76813K [0x0000000758100000, 0x000000075e900000, 0x00000007c0000000)
  eden space 79872K, 96% used [0x0000000758100000,0x000000075cc03508,0x000000075cf00000)
  from space 13312K, 0% used [0x000000075dc00000,0x000000075dc00000,0x000000075e900000)
  to   space 13312K, 0% used [0x000000075cf00000,0x000000075cf00000,0x000000075dc00000)
 ParOldGen       total 212992K, used 0K [0x0000000688200000, 0x0000000695200000, 0x0000000758100000)
  object space 212992K, 0% used [0x0000000688200000,0x0000000688200000,0x0000000695200000)
 Metaspace       used 20999K, capacity 21100K, committed 21248K, reserved 1067008K
  class space    used 3202K, capacity 3258K, committed 3328K, reserved 1048576K
Event: 1.244 GC heap after
Heap after GC invocations=1 (full 0):
 PSYoungGen      total 93184K, used 13295K [0x0000000758100000, 0x0000000763700000, 0x00000007c0000000)
  eden space 79872K, 0% used [0x0000000758100000,0x0000000758100000,0x000000075cf00000)
  from space 13312K, 99% used [0x000000075cf00000,0x000000075dbfbd28,0x000000075dc00000)
  to   space 13312K, 0% used [0x0000000762a00000,0x0000000762a00000,0x0000000763700000)
 ParOldGen       total 212992K, used 3750K [0x0000000688200000, 0x0000000695200000, 0x0000000758100000)
  object space 212992K, 1% used [0x0000000688200000,0x00000006885a9bb8,0x0000000695200000)
 Metaspace       used 20999K, capacity 21100K, committed 21248K, reserved 1067008K
  class space    used 3202K, capacity 3258K, committed 3328K, reserved 1048576K
}
Event: 1.244 GC heap before
{Heap before GC invocations=2 (full 1):
 PSYoungGen      total 93184K, used 13295K [0x0000000758100000, 0x0000000763700000, 0x00000007c0000000)
  eden space 79872K, 0% used [0x0000000758100000,0x0000000758100000,0x000000075cf00000)
  from space 13312K, 99% used [0x000000075cf00000,0x000000075dbfbd28,0x000000075dc00000)
  to   space 13312K, 0% used [0x0000000762a00000,0x0000000762a00000,0x0000000763700000)
 ParOldGen       total 212992K, used 3750K [0x0000000688200000, 0x0000000695200000, 0x0000000758100000)
  object space 212992K, 1% used [0x0000000688200000,0x00000006885a9bb8,0x0000000695200000)
 Metaspace       used 20999K, capacity 21100K, committed 21248K, reserved 1067008K
  class space    used 3202K, capacity 3258K, committed 3328K, reserved 1048576K
Event: 1.273 GC heap after
Heap after GC invocations=2 (full 1):
 PSYoungGen      total 93184K, used 0K [0x0000000758100000, 0x0000000763700000, 0x00000007c0000000)
  eden space 79872K, 0% used [0x0000000758100000,0x0000000758100000,0x000000075cf00000)
  from space 13312K, 0% used [0x000000075cf00000,0x000000075cf00000,0x000000075dc00000)
  to   space 13312K, 0% used [0x0000000762a00000,0x0000000762a00000,0x0000000763700000)
 ParOldGen       total 154624K, used 16291K [0x0000000688200000, 0x0000000691900000, 0x0000000758100000)
  object space 154624K, 10% used [0x0000000688200000,0x00000006891e8ee8,0x0000000691900000)
 Metaspace       used 20999K, capacity 21100K, committed 21248K, reserved 1067008K
  class space    used 3202K, capacity 3258K, committed 3328K, reserved 1048576K
}

