# JRE version: Java(TM) SE Runtime Environment (8.0_101-b13) (build 1.8.0_101-b13)
# Java VM: Java HotSpot(TM) 64-Bit Server VM (25.101-b13 mixed mode linux-amd64 compressed oops)
Heap:
 PSYoungGen      total 93184K, used 10128K [0x0000000758100000, 0x0000000763700000, 0x00000007c0000000)
  eden space 79872K, 12% used [0x0000000758100000,0x0000000758ae4258,0x000000075cf00000)
  from space 13312K, 0% used [0x000000075cf00000,0x000000075cf00000,0x000000075dc00000)
  to   space 13312K, 0% used [0x0000000762a00000,0x0000000762a00000,0x0000000763700000)
 ParOldGen       total 157696K, used 16296K [0x0000000688200000, 0x0000000691c00000, 0x0000000758100000)
  object space 157696K, 10% used [0x0000000688200000,0x00000006891ea118,0x0000000691c00000)
 Metaspace       used 22332K, capacity 22508K, committed 22656K, reserved 1069056K
  class space    used 3373K, capacity 3450K, committed 3456K, reserved 1048576K
GC Heap History (4 events):
Event: 1.202 GC heap before
{Heap before GC invocations=1 (full 0):
 PSYoungGen      total 93184K, used 76814K [0x0000000758100000, 0x000000075e900000, 0x00000007c0000000)
  eden space 79872K, 96% used [0x0000000758100000,0x000000075cc03ae8,0x000000075cf00000)
  from space 13312K, 0% used [0x000000075dc00000,0x000000075dc00000,0x000000075e900000)
  to   space 13312K, 0% used [0x000000075cf00000,0x000000075cf00000,0x000000075dc00000)
 ParOldGen       total 212992K, used 0K [0x0000000688200000, 0x0000000695200000, 0x0000000758100000)
  object space 212992K, 0% used [0x0000000688200000,0x0000000688200000,0x0000000695200000)
 Metaspace       used 21009K, capacity 21100K, committed 21248K, reserved 1067008K
  class space    used 3204K, capacity 3258K, committed 3328K, reserved 1048576K
Event: 1.215 GC heap after
Heap after GC invocations=1 (full 0):
 PSYoungGen      total 93184K, used 13293K [0x0000000758100000, 0x0000000763700000, 0x00000007c0000000)
  eden space 79872K, 0% used [0x0000000758100000,0x0000000758100000,0x000000075cf00000)
  from space 13312K, 99% used [0x000000075cf00000,0x000000075dbfb568,0x000000075dc00000)
  to   space 13312K, 0% used [0x0000000762a00000,0x0000000762a00000,0x0000000763700000)
 ParOldGen       total 212992K, used 3755K [0x0000000688200000, 0x0000000695200000, 0x0000000758100000)
  object space 212992K, 1% used [0x0000000688200000,0x00000006885aae70,0x0000000695200000)
 Metaspace       used 21009K, capacity 21100K, committed 21248K, reserved 1067008K
  class space    used 3204K, capacity 3258K, committed 3328K, reserved 1048576K
}
Event: 1.215 GC heap before
{Heap before GC invocations=2 (full 1):
 PSYoungGen      total 93184K, used 13293K [0x0000000758100000, 0x0000000763700000, 0x00000007c0000000)
  eden space 79872K, 0% used [0x0000000758100000,0x0000000758100000,0x000000075cf00000)
  from space 13312K, 99% used [0x000000075cf00000,0x000000075dbfb568,0x000000075dc00000)
  to   space 13312K, 0% used [0x0000000762a00000,0x0000000762a00000,0x0000000763700000)
 ParOldGen       total 212992K, used 3755K [0x0000000688200000, 0x0000000695200000, 0x0000000758100000)
  object space 212992K, 1% used [0x0000000688200000,0x00000006885aae70,0x0000000695200000)
 Metaspace       used 21009K, capacity 21100K, committed 21248K, reserved 1067008K
  class space    used 3204K, capacity 3258K, committed 3328K, reserved 1048576K
Event: 1.248 GC heap after
Heap after GC invocations=2 (full 1):
 PSYoungGen      total 93184K, used 0K [0x0000000758100000, 0x0000000763700000, 0x00000007c0000000)
  eden space 79872K, 0% used [0x0000000758100000,0x0000000758100000,0x000000075cf00000)
  from space 13312K, 0% used [0x000000075cf00000,0x000000075cf00000,0x000000075dc00000)
  to   space 13312K, 0% used [0x0000000762a00000,0x0000000762a00000,0x0000000763700000)
 ParOldGen       total 157696K, used 16296K [0x0000000688200000, 0x0000000691c00000, 0x0000000758100000)
  object space 157696K, 10% used [0x0000000688200000,0x00000006891ea118,0x0000000691c00000)
 Metaspace       used 21009K, capacity 21100K, committed 21248K, reserved 1067008K
  class space    used 3204K, capacity 3258K, committed 3328K, reserved 1048576K
}

